Using pre-set license
Built from '2021.3/staging' branch; Version is '2021.3.1f1 (3b70a0754835) revision 3895456'; Using compiler version '192829333'; Build Type 'Release'
OS: 'Windows 10  (10.0.19043) 64bit CoreSingleLanguage' Language: 'en' Physical Memory: 32717 MB
BatchMode: 1, IsHumanControllingUs: 0, StartBugReporterOnCrash: 0, Is64bit: 1, IsPro: 1

COMMAND LINE ARGUMENTS:
C:\Program Files\Unity\Hub\Editor\2021.3.1f1\Editor\Unity.exe
-adb2
-batchMode
-noUpm
-name
AssetImportWorker0
-projectPath
C:/Users/roitr/Documents/ProjectFiles/ParangNormal/EDUGAME
-logFile
Logs/AssetImportWorker0.log
-srvPort
60600
Successfully changed project path to: C:/Users/roitr/Documents/ProjectFiles/ParangNormal/EDUGAME
C:/Users/roitr/Documents/ProjectFiles/ParangNormal/EDUGAME
[UnityMemory] Configuration Parameters - Can be set up in boot.config
    "memorysetup-bucket-allocator-granularity=16"
    "memorysetup-bucket-allocator-bucket-count=8"
    "memorysetup-bucket-allocator-block-size=33554432"
    "memorysetup-bucket-allocator-block-count=8"
    "memorysetup-main-allocator-block-size=16777216"
    "memorysetup-thread-allocator-block-size=16777216"
    "memorysetup-gfx-main-allocator-block-size=16777216"
    "memorysetup-gfx-thread-allocator-block-size=16777216"
    "memorysetup-cache-allocator-block-size=4194304"
    "memorysetup-typetree-allocator-block-size=2097152"
    "memorysetup-profiler-bucket-allocator-granularity=16"
    "memorysetup-profiler-bucket-allocator-bucket-count=8"
    "memorysetup-profiler-bucket-allocator-block-size=33554432"
    "memorysetup-profiler-bucket-allocator-block-count=8"
    "memorysetup-profiler-allocator-block-size=16777216"
    "memorysetup-profiler-editor-allocator-block-size=1048576"
    "memorysetup-temp-allocator-size-main=16777216"
    "memorysetup-job-temp-allocator-block-size=2097152"
    "memorysetup-job-temp-allocator-block-size-background=1048576"
    "memorysetup-job-temp-allocator-reduction-small-platforms=262144"
    "memorysetup-temp-allocator-size-background-worker=32768"
    "memorysetup-temp-allocator-size-job-worker=262144"
    "memorysetup-temp-allocator-size-preload-manager=33554432"
    "memorysetup-temp-allocator-size-nav-mesh-worker=65536"
    "memorysetup-temp-allocator-size-audio-worker=65536"
    "memorysetup-temp-allocator-size-cloud-worker=32768"
    "memorysetup-temp-allocator-size-gi-baking-worker=262144"
    "memorysetup-temp-allocator-size-gfx=262144"
Refreshing native plugins compatible for Editor in 93.69 ms, found 5 plugins.
Preloading 0 native plugins for Editor in 0.00 ms.
Initialize engine version: 2021.3.1f1 (3b70a0754835)
[Subsystems] Discovering subsystems at path C:/Program Files/Unity/Hub/Editor/2021.3.1f1/Editor/Data/Resources/UnitySubsystems
[Subsystems] Discovering subsystems at path C:/Users/roitr/Documents/ProjectFiles/ParangNormal/EDUGAME/Assets
GfxDevice: creating device client; threaded=0; jobified=0
Direct3D:
    Version:  Direct3D 11.0 [level 11.1]
    Renderer: NVIDIA GeForce GTX 1080 with Max-Q Design (ID=0x1be0)
    Vendor:   NVIDIA
    VRAM:     8079 MB
    Driver:   26.21.14.4108
Initialize mono
Mono path[0] = 'C:/Program Files/Unity/Hub/Editor/2021.3.1f1/Editor/Data/Managed'
Mono path[1] = 'C:/Program Files/Unity/Hub/Editor/2021.3.1f1/Editor/Data/MonoBleedingEdge/lib/mono/unityjit-win32'
Mono config path = 'C:/Program Files/Unity/Hub/Editor/2021.3.1f1/Editor/Data/MonoBleedingEdge/etc'
Using monoOptions --debugger-agent=transport=dt_socket,embedding=1,server=y,suspend=n,address=127.0.0.1:56948
Begin MonoManager ReloadAssembly
Registering precompiled unity dll's ...
Register platform support module: C:/Program Files/Unity/Hub/Editor/2021.3.1f1/Editor/Data/PlaybackEngines/AndroidPlayer/UnityEditor.Android.Extensions.dll
Register platform support module: C:/Program Files/Unity/Hub/Editor/2021.3.1f1/Editor/Data/PlaybackEngines/iOSSupport/UnityEditor.iOS.Extensions.dll
Register platform support module: C:/Program Files/Unity/Hub/Editor/2021.3.1f1/Editor/Data/PlaybackEngines/WindowsStandaloneSupport/UnityEditor.WindowsStandalone.Extensions.dll
Registered in 0.020498 seconds.
Native extension for WindowsStandalone target not found
[usbmuxd] Start listen thread
[usbmuxd] Listen thread started
[usbmuxd] Send listen message
Native extension for iOS target not found
Native extension for Android target not found
Refreshing native plugins compatible for Editor in 80.98 ms, found 5 plugins.
Preloading 0 native plugins for Editor in 0.00 ms.
Mono: successfully reloaded assembly
- Completed reload, in  1.147 seconds
Domain Reload Profiling:
	ReloadAssembly (1147ms)
		BeginReloadAssembly (158ms)
			ExecutionOrderSort (0ms)
			DisableScriptedObjects (0ms)
			BackupInstance (0ms)
			ReleaseScriptingObjects (0ms)
			CreateAndSetChildDomain (1ms)
		EndReloadAssembly (767ms)
			LoadAssemblies (151ms)
			RebuildTransferFunctionScriptingTraits (0ms)
			SetupTypeCache (217ms)
			ReleaseScriptCaches (0ms)
			RebuildScriptCaches (43ms)
			SetupLoadedEditorAssemblies (410ms)
				LogAssemblyErrors (0ms)
				InitializePlatformSupportModulesInManaged (100ms)
				SetLoadedEditorAssemblies (0ms)
				RefreshPlugins (81ms)
				BeforeProcessingInitializeOnLoad (2ms)
				ProcessInitializeOnLoadAttributes (143ms)
				ProcessInitializeOnLoadMethodAttributes (84ms)
				AfterProcessingInitializeOnLoad (0ms)
				EditorAssembliesLoaded (0ms)
			ExecutionOrderSort2 (0ms)
			AwakeInstancesAfterBackupRestoration (0ms)
Platform modules already initialized, skipping
Registering precompiled user dll's ...
Registered in 0.011881 seconds.
Begin MonoManager ReloadAssembly
Native extension for WindowsStandalone target not found
Native extension for iOS target not found
Native extension for Android target not found
Refreshing native plugins compatible for Editor in 74.25 ms, found 5 plugins.
Preloading 0 native plugins for Editor in 0.00 ms.
Mono: successfully reloaded assembly
- Completed reload, in  1.849 seconds
Domain Reload Profiling:
	ReloadAssembly (1850ms)
		BeginReloadAssembly (321ms)
			ExecutionOrderSort (0ms)
			DisableScriptedObjects (17ms)
			BackupInstance (0ms)
			ReleaseScriptingObjects (0ms)
			CreateAndSetChildDomain (143ms)
		EndReloadAssembly (1316ms)
			LoadAssemblies (134ms)
			RebuildTransferFunctionScriptingTraits (0ms)
			SetupTypeCache (376ms)
			ReleaseScriptCaches (1ms)
			RebuildScriptCaches (85ms)
			SetupLoadedEditorAssemblies (629ms)
				LogAssemblyErrors (0ms)
				InitializePlatformSupportModulesInManaged (56ms)
				SetLoadedEditorAssemblies (0ms)
				RefreshPlugins (74ms)
				BeforeProcessingInitializeOnLoad (122ms)
				ProcessInitializeOnLoadAttributes (305ms)
				ProcessInitializeOnLoadMethodAttributes (56ms)
				AfterProcessingInitializeOnLoad (15ms)
				EditorAssembliesLoaded (0ms)
			ExecutionOrderSort2 (0ms)
			AwakeInstancesAfterBackupRestoration (16ms)
Platform modules already initialized, skipping
========================================================================
Worker process is ready to serve import requests
Launched and connected shader compiler UnityShaderCompiler.exe after 0.15 seconds
Refreshing native plugins compatible for Editor in 0.92 ms, found 5 plugins.
Preloading 0 native plugins for Editor in 0.00 ms.
Unloading 2527 Unused Serialized files (Serialized files now loaded: 0)
Unloading 32 unused Assets / (30.2 KB). Loaded Objects now: 2992.
Memory consumption went from 112.2 MB to 112.1 MB.
Total: 7.009900 ms (FindLiveObjects: 0.336400 ms CreateObjectMapping: 0.282700 ms MarkObjects: 6.346400 ms  DeleteObjects: 0.042500 ms)

AssetImportParameters requested are different than current active one (requested -> active):
  custom:video-decoder-ogg-theora: a1e56fd34408186e4bbccfd4996cb3dc -> 
  custom:container-muxer-webm: aa71ff27fc2769a1b78a27578f13a17b -> 
  custom:container-demuxer-webm: 4f35f7cbe854078d1ac9338744f61a02 -> 
  custom:video-encoder-webm-vp8: eb34c28f22e8b96e1ab97ce403110664 -> 
  custom:audio-encoder-webm-vorbis: bf7c407c2cedff20999df2af8eb42d56 -> 
  custom:framework-win-MediaFoundation: 216162199b28c13a410421893ffa2e32 -> 
  custom:container-demuxer-ogg: 62fdf1f143b41e24485cea50d1cbac27 -> 
  custom:video-decoder-webm-vp8: 9c59270c3fd7afecdb556c50c9e8de78 -> 
  custom:audio-decoder-ogg-vorbis: bf7c407c2cedff20999df2af8eb42d56 -> 
========================================================================
Received Import Request.
  Time since last request: 529.301246 seconds.
  path: Assets/Assets/UI/Level Selection Msnu/Boss_Button_Initial_State.png
  artifactKey: Guid(4af869494b05e5f44b8454b48b085fe7) Importer(815301076,1909f56bfc062723c751e8b465ee728b)
Start importing Assets/Assets/UI/Level Selection Msnu/Boss_Button_Initial_State.png using Guid(4af869494b05e5f44b8454b48b085fe7) Importer(815301076,1909f56bfc062723c751e8b465ee728b)  -> (artifact id: '8d5777826de4c75abf5a3bc0a5a5bf31') in 0.265002 seconds 
========================================================================
Received Import Request.
  Time since last request: 105.112503 seconds.
  path: Assets/Assets/UI/Level Selection Msnu/Level2_Button_Initial_State.png
  artifactKey: Guid(b269f702d94ae8e46b761dba70f1cced) Importer(815301076,1909f56bfc062723c751e8b465ee728b)
Start importing Assets/Assets/UI/Level Selection Msnu/Level2_Button_Initial_State.png using Guid(b269f702d94ae8e46b761dba70f1cced) Importer(815301076,1909f56bfc062723c751e8b465ee728b)  -> (artifact id: '53640cd680a25a83ecd420751b31adaa') in 0.077641 seconds 
========================================================================
Received Import Request.
  Time since last request: 0.000036 seconds.
  path: Assets/Assets/UI/Level Selection Msnu/Tutorial_Button_Initial_State.png
  artifactKey: Guid(c05deda8dc4f19f4190945205ad49266) Importer(815301076,1909f56bfc062723c751e8b465ee728b)
Start importing Assets/Assets/UI/Level Selection Msnu/Tutorial_Button_Initial_State.png using Guid(c05deda8dc4f19f4190945205ad49266) Importer(815301076,1909f56bfc062723c751e8b465ee728b)  -> (artifact id: '7c30883e09d5eca7c588aaf3a05924a9') in 0.070265 seconds 
========================================================================
Received Prepare
Registering precompiled user dll's ...
Registered in 0.010252 seconds.
Begin MonoManager ReloadAssembly
Native extension for WindowsStandalone target not found
Native extension for iOS target not found
Native extension for Android target not found
Refreshing native plugins compatible for Editor in 1.12 ms, found 5 plugins.
Preloading 0 native plugins for Editor in 0.00 ms.
Mono: successfully reloaded assembly
- Completed reload, in  2.718 seconds
Domain Reload Profiling:
	ReloadAssembly (2719ms)
		BeginReloadAssembly (401ms)
			ExecutionOrderSort (0ms)
			DisableScriptedObjects (18ms)
			BackupInstance (0ms)
			ReleaseScriptingObjects (0ms)
			CreateAndSetChildDomain (64ms)
		EndReloadAssembly (2055ms)
			LoadAssemblies (314ms)
			RebuildTransferFunctionScriptingTraits (0ms)
			SetupTypeCache (923ms)
			ReleaseScriptCaches (4ms)
			RebuildScriptCaches (117ms)
			SetupLoadedEditorAssemblies (736ms)
				LogAssemblyErrors (0ms)
				InitializePlatformSupportModulesInManaged (72ms)
				SetLoadedEditorAssemblies (1ms)
				RefreshPlugins (1ms)
				BeforeProcessingInitializeOnLoad (157ms)
				ProcessInitializeOnLoadAttributes (399ms)
				ProcessInitializeOnLoadMethodAttributes (86ms)
				AfterProcessingInitializeOnLoad (19ms)
				EditorAssembliesLoaded (0ms)
			ExecutionOrderSort2 (0ms)
			AwakeInstancesAfterBackupRestoration (27ms)
Platform modules already initialized, skipping
Refreshing native plugins compatible for Editor in 5.15 ms, found 5 plugins.
Preloading 0 native plugins for Editor in 0.00 ms.
Unloading 2510 Unused Serialized files (Serialized files now loaded: 0)
Unloading 20 unused Assets / (31.7 KB). Loaded Objects now: 3004.
Memory consumption went from 114.8 MB to 114.8 MB.
Total: 5.077900 ms (FindLiveObjects: 0.262100 ms CreateObjectMapping: 0.209500 ms MarkObjects: 4.565700 ms  DeleteObjects: 0.039000 ms)

AssetImportParameters requested are different than current active one (requested -> active):
  custom:video-decoder-ogg-theora: a1e56fd34408186e4bbccfd4996cb3dc -> 
  custom:container-muxer-webm: aa71ff27fc2769a1b78a27578f13a17b -> 
  custom:container-demuxer-webm: 4f35f7cbe854078d1ac9338744f61a02 -> 
  custom:video-encoder-webm-vp8: eb34c28f22e8b96e1ab97ce403110664 -> 
  custom:audio-encoder-webm-vorbis: bf7c407c2cedff20999df2af8eb42d56 -> 
  custom:framework-win-MediaFoundation: 216162199b28c13a410421893ffa2e32 -> 
  custom:container-demuxer-ogg: 62fdf1f143b41e24485cea50d1cbac27 -> 
  custom:video-decoder-webm-vp8: 9c59270c3fd7afecdb556c50c9e8de78 -> 
  custom:audio-decoder-ogg-vorbis: bf7c407c2cedff20999df2af8eb42d56 -> 
========================================================================
Received Import Request.
  Time since last request: 156.049707 seconds.
  path: Assets/Scenes/Final Scenes/Boss Level.unity
  artifactKey: Guid(bf45fe0c299d91548a384bca28f5fcc9) Importer(815301076,1909f56bfc062723c751e8b465ee728b)
Start importing Assets/Scenes/Final Scenes/Boss Level.unity using Guid(bf45fe0c299d91548a384bca28f5fcc9) Importer(815301076,1909f56bfc062723c751e8b465ee728b)  -> (artifact id: '887d4d7256cc7b15d737eda106f977ae') in 0.021726 seconds 
========================================================================
Received Import Request.
  Time since last request: 6.389439 seconds.
  path: Assets/Script/Managers/BossLevelManager.cs
  artifactKey: Guid(bb3755d6faf48774fbf5e31d1c36ad18) Importer(815301076,1909f56bfc062723c751e8b465ee728b)
Start importing Assets/Script/Managers/BossLevelManager.cs using Guid(bb3755d6faf48774fbf5e31d1c36ad18) Importer(815301076,1909f56bfc062723c751e8b465ee728b)  -> (artifact id: '8db40b0b39aa75a9869548d66ee4220e') in 0.023577 seconds 
========================================================================
Received Import Request.
  Time since last request: 156.878028 seconds.
  path: Assets/Script/Managers/BossLevelManager.cs
  artifactKey: Guid(bb3755d6faf48774fbf5e31d1c36ad18) Importer(815301076,1909f56bfc062723c751e8b465ee728b)
Start importing Assets/Script/Managers/BossLevelManager.cs using Guid(bb3755d6faf48774fbf5e31d1c36ad18) Importer(815301076,1909f56bfc062723c751e8b465ee728b)  -> (artifact id: 'f17d8430a89935928d4b868b106c1df5') in 0.004384 seconds 
========================================================================
Received Prepare
Registering precompiled user dll's ...
Registered in 0.024324 seconds.
Begin MonoManager ReloadAssembly
Native extension for WindowsStandalone target not found
Native extension for iOS target not found
Native extension for Android target not found
Refreshing native plugins compatible for Editor in 0.65 ms, found 5 plugins.
Preloading 0 native plugins for Editor in 0.00 ms.
Mono: successfully reloaded assembly
- Completed reload, in  1.523 seconds
Domain Reload Profiling:
	ReloadAssembly (1524ms)
		BeginReloadAssembly (195ms)
			ExecutionOrderSort (0ms)
			DisableScriptedObjects (11ms)
			BackupInstance (0ms)
			ReleaseScriptingObjects (0ms)
			CreateAndSetChildDomain (44ms)
		EndReloadAssembly (1151ms)
			LoadAssemblies (133ms)
			RebuildTransferFunctionScriptingTraits (0ms)
			SetupTypeCache (303ms)
			ReleaseScriptCaches (2ms)
			RebuildScriptCaches (95ms)
			SetupLoadedEditorAssemblies (533ms)
				LogAssemblyErrors (0ms)
				InitializePlatformSupportModulesInManaged (66ms)
				SetLoadedEditorAssemblies (1ms)
				RefreshPlugins (1ms)
				BeforeProcessingInitializeOnLoad (122ms)
				ProcessInitializeOnLoadAttributes (275ms)
				ProcessInitializeOnLoadMethodAttributes (51ms)
				AfterProcessingInitializeOnLoad (17ms)
				EditorAssembliesLoaded (0ms)
			ExecutionOrderSort2 (0ms)
			AwakeInstancesAfterBackupRestoration (22ms)
Platform modules already initialized, skipping
Refreshing native plugins compatible for Editor in 3.13 ms, found 5 plugins.
Preloading 0 native plugins for Editor in 0.00 ms.
Unloading 2510 Unused Serialized files (Serialized files now loaded: 0)
Unloading 20 unused Assets / (31.8 KB). Loaded Objects now: 3007.
Memory consumption went from 114.8 MB to 114.8 MB.
Total: 6.149600 ms (FindLiveObjects: 0.204900 ms CreateObjectMapping: 0.118600 ms MarkObjects: 5.801700 ms  DeleteObjects: 0.023000 ms)

AssetImportParameters requested are different than current active one (requested -> active):
  custom:video-decoder-ogg-theora: a1e56fd34408186e4bbccfd4996cb3dc -> 
  custom:container-muxer-webm: aa71ff27fc2769a1b78a27578f13a17b -> 
  custom:container-demuxer-webm: 4f35f7cbe854078d1ac9338744f61a02 -> 
  custom:video-encoder-webm-vp8: eb34c28f22e8b96e1ab97ce403110664 -> 
  custom:audio-encoder-webm-vorbis: bf7c407c2cedff20999df2af8eb42d56 -> 
  custom:framework-win-MediaFoundation: 216162199b28c13a410421893ffa2e32 -> 
  custom:container-demuxer-ogg: 62fdf1f143b41e24485cea50d1cbac27 -> 
  custom:video-decoder-webm-vp8: 9c59270c3fd7afecdb556c50c9e8de78 -> 
  custom:audio-decoder-ogg-vorbis: bf7c407c2cedff20999df2af8eb42d56 -> 
========================================================================
Received Prepare
Registering precompiled user dll's ...
Registered in 0.015003 seconds.
Begin MonoManager ReloadAssembly
Native extension for WindowsStandalone target not found
Native extension for iOS target not found
Native extension for Android target not found
Refreshing native plugins compatible for Editor in 0.95 ms, found 5 plugins.
Preloading 0 native plugins for Editor in 0.00 ms.
Mono: successfully reloaded assembly
- Completed reload, in  1.730 seconds
Domain Reload Profiling:
	ReloadAssembly (1731ms)
		BeginReloadAssembly (269ms)
			ExecutionOrderSort (0ms)
			DisableScriptedObjects (29ms)
			BackupInstance (0ms)
			ReleaseScriptingObjects (0ms)
			CreateAndSetChildDomain (66ms)
		EndReloadAssembly (1270ms)
			LoadAssemblies (155ms)
			RebuildTransferFunctionScriptingTraits (0ms)
			SetupTypeCache (374ms)
			ReleaseScriptCaches (2ms)
			RebuildScriptCaches (98ms)
			SetupLoadedEditorAssemblies (564ms)
				LogAssemblyErrors (0ms)
				InitializePlatformSupportModulesInManaged (57ms)
				SetLoadedEditorAssemblies (1ms)
				RefreshPlugins (1ms)
				BeforeProcessingInitializeOnLoad (121ms)
				ProcessInitializeOnLoadAttributes (315ms)
				ProcessInitializeOnLoadMethodAttributes (55ms)
				AfterProcessingInitializeOnLoad (14ms)
				EditorAssembliesLoaded (0ms)
			ExecutionOrderSort2 (0ms)
			AwakeInstancesAfterBackupRestoration (23ms)
Platform modules already initialized, skipping
Refreshing native plugins compatible for Editor in 6.56 ms, found 5 plugins.
Preloading 0 native plugins for Editor in 0.00 ms.
Unloading 2510 Unused Serialized files (Serialized files now loaded: 0)
Unloading 20 unused Assets / (31.8 KB). Loaded Objects now: 3010.
Memory consumption went from 114.8 MB to 114.8 MB.
Total: 4.450000 ms (FindLiveObjects: 0.202400 ms CreateObjectMapping: 0.119100 ms MarkObjects: 4.107900 ms  DeleteObjects: 0.019100 ms)

AssetImportParameters requested are different than current active one (requested -> active):
  custom:video-decoder-ogg-theora: a1e56fd34408186e4bbccfd4996cb3dc -> 
  custom:container-muxer-webm: aa71ff27fc2769a1b78a27578f13a17b -> 
  custom:container-demuxer-webm: 4f35f7cbe854078d1ac9338744f61a02 -> 
  custom:video-encoder-webm-vp8: eb34c28f22e8b96e1ab97ce403110664 -> 
  custom:audio-encoder-webm-vorbis: bf7c407c2cedff20999df2af8eb42d56 -> 
  custom:framework-win-MediaFoundation: 216162199b28c13a410421893ffa2e32 -> 
  custom:container-demuxer-ogg: 62fdf1f143b41e24485cea50d1cbac27 -> 
  custom:video-decoder-webm-vp8: 9c59270c3fd7afecdb556c50c9e8de78 -> 
  custom:audio-decoder-ogg-vorbis: bf7c407c2cedff20999df2af8eb42d56 -> 
========================================================================
Received Prepare
Registering precompiled user dll's ...
Registered in 0.012856 seconds.
Begin MonoManager ReloadAssembly
Native extension for WindowsStandalone target not found
Native extension for iOS target not found
Native extension for Android target not found
Refreshing native plugins compatible for Editor in 2.65 ms, found 5 plugins.
Preloading 0 native plugins for Editor in 0.00 ms.
Mono: successfully reloaded assembly
- Completed reload, in  1.575 seconds
Domain Reload Profiling:
	ReloadAssembly (1576ms)
		BeginReloadAssembly (206ms)
			ExecutionOrderSort (0ms)
			DisableScriptedObjects (11ms)
			BackupInstance (0ms)
			ReleaseScriptingObjects (0ms)
			CreateAndSetChildDomain (54ms)
		EndReloadAssembly (1209ms)
			LoadAssemblies (125ms)
			RebuildTransferFunctionScriptingTraits (0ms)
			SetupTypeCache (317ms)
			ReleaseScriptCaches (2ms)
			RebuildScriptCaches (71ms)
			SetupLoadedEditorAssemblies (637ms)
				LogAssemblyErrors (0ms)
				InitializePlatformSupportModulesInManaged (62ms)
				SetLoadedEditorAssemblies (1ms)
				RefreshPlugins (3ms)
				BeforeProcessingInitializeOnLoad (132ms)
				ProcessInitializeOnLoadAttributes (368ms)
				ProcessInitializeOnLoadMethodAttributes (55ms)
				AfterProcessingInitializeOnLoad (16ms)
				EditorAssembliesLoaded (0ms)
			ExecutionOrderSort2 (0ms)
			AwakeInstancesAfterBackupRestoration (16ms)
Platform modules already initialized, skipping
Refreshing native plugins compatible for Editor in 3.36 ms, found 5 plugins.
Preloading 0 native plugins for Editor in 0.00 ms.
Unloading 2510 Unused Serialized files (Serialized files now loaded: 0)
Unloading 20 unused Assets / (31.8 KB). Loaded Objects now: 3013.
Memory consumption went from 114.8 MB to 114.8 MB.
Total: 5.842800 ms (FindLiveObjects: 0.313700 ms CreateObjectMapping: 0.196700 ms MarkObjects: 5.308200 ms  DeleteObjects: 0.022500 ms)

AssetImportParameters requested are different than current active one (requested -> active):
  custom:video-decoder-ogg-theora: a1e56fd34408186e4bbccfd4996cb3dc -> 
  custom:container-muxer-webm: aa71ff27fc2769a1b78a27578f13a17b -> 
  custom:container-demuxer-webm: 4f35f7cbe854078d1ac9338744f61a02 -> 
  custom:video-encoder-webm-vp8: eb34c28f22e8b96e1ab97ce403110664 -> 
  custom:audio-encoder-webm-vorbis: bf7c407c2cedff20999df2af8eb42d56 -> 
  custom:framework-win-MediaFoundation: 216162199b28c13a410421893ffa2e32 -> 
  custom:container-demuxer-ogg: 62fdf1f143b41e24485cea50d1cbac27 -> 
  custom:video-decoder-webm-vp8: 9c59270c3fd7afecdb556c50c9e8de78 -> 
  custom:audio-decoder-ogg-vorbis: bf7c407c2cedff20999df2af8eb42d56 -> 
========================================================================
Received Import Request.
  Time since last request: 741.930107 seconds.
  path: Assets/Scenes/Final Scenes/MainMenu.unity
  artifactKey: Guid(a005b48085159b04c8bf5d8761f04f58) Importer(815301076,1909f56bfc062723c751e8b465ee728b)
Start importing Assets/Scenes/Final Scenes/MainMenu.unity using Guid(a005b48085159b04c8bf5d8761f04f58) Importer(815301076,1909f56bfc062723c751e8b465ee728b)  -> (artifact id: 'eace663018c9c686dde8debd6551a408') in 0.017933 seconds 
========================================================================
Received Import Request.
  Time since last request: 4.591398 seconds.
  path: Assets/Scenes/Final Scenes/Boss Level.unity
  artifactKey: Guid(bf45fe0c299d91548a384bca28f5fcc9) Importer(815301076,1909f56bfc062723c751e8b465ee728b)
Start importing Assets/Scenes/Final Scenes/Boss Level.unity using Guid(bf45fe0c299d91548a384bca28f5fcc9) Importer(815301076,1909f56bfc062723c751e8b465ee728b)  -> (artifact id: 'e70589e67373952069ad21c37bd7b6ca') in 0.015315 seconds 
========================================================================
Received Prepare
Registering precompiled user dll's ...
Registered in 0.009164 seconds.
Begin MonoManager ReloadAssembly
Native extension for WindowsStandalone target not found
Native extension for iOS target not found
Native extension for Android target not found
Refreshing native plugins compatible for Editor in 0.79 ms, found 5 plugins.
Preloading 0 native plugins for Editor in 0.00 ms.
Mono: successfully reloaded assembly
- Completed reload, in  1.489 seconds
Domain Reload Profiling:
	ReloadAssembly (1490ms)
		BeginReloadAssembly (201ms)
			ExecutionOrderSort (0ms)
			DisableScriptedObjects (14ms)
			BackupInstance (0ms)
			ReleaseScriptingObjects (0ms)
			CreateAndSetChildDomain (47ms)
		EndReloadAssembly (1138ms)
			LoadAssemblies (134ms)
			RebuildTransferFunctionScriptingTraits (0ms)
			SetupTypeCache (285ms)
			ReleaseScriptCaches (2ms)
			RebuildScriptCaches (105ms)
			SetupLoadedEditorAssemblies (557ms)
				LogAssemblyErrors (0ms)
				InitializePlatformSupportModulesInManaged (57ms)
				SetLoadedEditorAssemblies (1ms)
				RefreshPlugins (1ms)
				BeforeProcessingInitializeOnLoad (114ms)
				ProcessInitializeOnLoadAttributes (308ms)
				ProcessInitializeOnLoadMethodAttributes (63ms)
				AfterProcessingInitializeOnLoad (12ms)
				EditorAssembliesLoaded (0ms)
			ExecutionOrderSort2 (0ms)
			AwakeInstancesAfterBackupRestoration (19ms)
Platform modules already initialized, skipping
Refreshing native plugins compatible for Editor in 3.09 ms, found 5 plugins.
Preloading 0 native plugins for Editor in 0.00 ms.
Unloading 2510 Unused Serialized files (Serialized files now loaded: 0)
Unloading 20 unused Assets / (31.8 KB). Loaded Objects now: 3016.
Memory consumption went from 114.7 MB to 114.7 MB.
Total: 4.501900 ms (FindLiveObjects: 0.212300 ms CreateObjectMapping: 0.109300 ms MarkObjects: 4.157100 ms  DeleteObjects: 0.021900 ms)

AssetImportParameters requested are different than current active one (requested -> active):
  custom:video-decoder-ogg-theora: a1e56fd34408186e4bbccfd4996cb3dc -> 
  custom:container-muxer-webm: aa71ff27fc2769a1b78a27578f13a17b -> 
  custom:container-demuxer-webm: 4f35f7cbe854078d1ac9338744f61a02 -> 
  custom:video-encoder-webm-vp8: eb34c28f22e8b96e1ab97ce403110664 -> 
  custom:audio-encoder-webm-vorbis: bf7c407c2cedff20999df2af8eb42d56 -> 
  custom:framework-win-MediaFoundation: 216162199b28c13a410421893ffa2e32 -> 
  custom:container-demuxer-ogg: 62fdf1f143b41e24485cea50d1cbac27 -> 
  custom:video-decoder-webm-vp8: 9c59270c3fd7afecdb556c50c9e8de78 -> 
  custom:audio-decoder-ogg-vorbis: bf7c407c2cedff20999df2af8eb42d56 -> 
========================================================================
Received Import Request.
  Time since last request: 190.922703 seconds.
  path: Assets/Scenes/Final Scenes/Boss Level.unity
  artifactKey: Guid(bf45fe0c299d91548a384bca28f5fcc9) Importer(815301076,1909f56bfc062723c751e8b465ee728b)
Start importing Assets/Scenes/Final Scenes/Boss Level.unity using Guid(bf45fe0c299d91548a384bca28f5fcc9) Importer(815301076,1909f56bfc062723c751e8b465ee728b)  -> (artifact id: 'b1bde335d0e96d9c4f95b599a88760c9') in 0.016635 seconds 
========================================================================
Received Prepare
Registering precompiled user dll's ...
Registered in 0.016208 seconds.
Begin MonoManager ReloadAssembly
Native extension for WindowsStandalone target not found
Native extension for iOS target not found
Native extension for Android target not found
Refreshing native plugins compatible for Editor in 1.49 ms, found 5 plugins.
Preloading 0 native plugins for Editor in 0.00 ms.
Mono: successfully reloaded assembly
- Completed reload, in  1.642 seconds
Domain Reload Profiling:
	ReloadAssembly (1643ms)
		BeginReloadAssembly (186ms)
			ExecutionOrderSort (0ms)
			DisableScriptedObjects (8ms)
			BackupInstance (0ms)
			ReleaseScriptingObjects (0ms)
			CreateAndSetChildDomain (48ms)
		EndReloadAssembly (1247ms)
			LoadAssemblies (128ms)
			RebuildTransferFunctionScriptingTraits (0ms)
			SetupTypeCache (364ms)
			ReleaseScriptCaches (2ms)
			RebuildScriptCaches (82ms)
			SetupLoadedEditorAssemblies (565ms)
				LogAssemblyErrors (0ms)
				InitializePlatformSupportModulesInManaged (56ms)
				SetLoadedEditorAssemblies (7ms)
				RefreshPlugins (2ms)
				BeforeProcessingInitializeOnLoad (124ms)
				ProcessInitializeOnLoadAttributes (283ms)
				ProcessInitializeOnLoadMethodAttributes (69ms)
				AfterProcessingInitializeOnLoad (24ms)
				EditorAssembliesLoaded (0ms)
			ExecutionOrderSort2 (0ms)
			AwakeInstancesAfterBackupRestoration (25ms)
Platform modules already initialized, skipping
Refreshing native plugins compatible for Editor in 4.88 ms, found 5 plugins.
Preloading 0 native plugins for Editor in 0.00 ms.
Unloading 2510 Unused Serialized files (Serialized files now loaded: 0)
Unloading 20 unused Assets / (31.8 KB). Loaded Objects now: 3019.
Memory consumption went from 114.8 MB to 114.8 MB.
Total: 5.200300 ms (FindLiveObjects: 0.265500 ms CreateObjectMapping: 0.302500 ms MarkObjects: 4.606600 ms  DeleteObjects: 0.024000 ms)

AssetImportParameters requested are different than current active one (requested -> active):
  custom:video-decoder-ogg-theora: a1e56fd34408186e4bbccfd4996cb3dc -> 
  custom:container-muxer-webm: aa71ff27fc2769a1b78a27578f13a17b -> 
  custom:container-demuxer-webm: 4f35f7cbe854078d1ac9338744f61a02 -> 
  custom:video-encoder-webm-vp8: eb34c28f22e8b96e1ab97ce403110664 -> 
  custom:audio-encoder-webm-vorbis: bf7c407c2cedff20999df2af8eb42d56 -> 
  custom:framework-win-MediaFoundation: 216162199b28c13a410421893ffa2e32 -> 
  custom:container-demuxer-ogg: 62fdf1f143b41e24485cea50d1cbac27 -> 
  custom:video-decoder-webm-vp8: 9c59270c3fd7afecdb556c50c9e8de78 -> 
  custom:audio-decoder-ogg-vorbis: bf7c407c2cedff20999df2af8eb42d56 -> 
========================================================================
Received Prepare
Registering precompiled user dll's ...
Registered in 0.010904 seconds.
Begin MonoManager ReloadAssembly
Native extension for WindowsStandalone target not found
Native extension for iOS target not found
Native extension for Android target not found
Refreshing native plugins compatible for Editor in 0.62 ms, found 5 plugins.
Preloading 0 native plugins for Editor in 0.00 ms.
Mono: successfully reloaded assembly
- Completed reload, in  1.627 seconds
Domain Reload Profiling:
	ReloadAssembly (1628ms)
		BeginReloadAssembly (185ms)
			ExecutionOrderSort (0ms)
			DisableScriptedObjects (13ms)
			BackupInstance (0ms)
			ReleaseScriptingObjects (0ms)
			CreateAndSetChildDomain (44ms)
		EndReloadAssembly (1245ms)
			LoadAssemblies (126ms)
			RebuildTransferFunctionScriptingTraits (0ms)
			SetupTypeCache (391ms)
			ReleaseScriptCaches (2ms)
			RebuildScriptCaches (88ms)
			SetupLoadedEditorAssemblies (535ms)
				LogAssemblyErrors (0ms)
				InitializePlatformSupportModulesInManaged (60ms)
				SetLoadedEditorAssemblies (1ms)
				RefreshPlugins (1ms)
				BeforeProcessingInitializeOnLoad (123ms)
				ProcessInitializeOnLoadAttributes (288ms)
				ProcessInitializeOnLoadMethodAttributes (48ms)
				AfterProcessingInitializeOnLoad (15ms)
				EditorAssembliesLoaded (0ms)
			ExecutionOrderSort2 (0ms)
			AwakeInstancesAfterBackupRestoration (26ms)
Platform modules already initialized, skipping
Refreshing native plugins compatible for Editor in 3.57 ms, found 5 plugins.
Preloading 0 native plugins for Editor in 0.00 ms.
Unloading 2510 Unused Serialized files (Serialized files now loaded: 0)
Unloading 20 unused Assets / (31.8 KB). Loaded Objects now: 3022.
Memory consumption went from 114.9 MB to 114.8 MB.
Total: 4.244300 ms (FindLiveObjects: 0.222000 ms CreateObjectMapping: 0.114100 ms MarkObjects: 3.886400 ms  DeleteObjects: 0.019800 ms)

AssetImportParameters requested are different than current active one (requested -> active):
  custom:video-decoder-ogg-theora: a1e56fd34408186e4bbccfd4996cb3dc -> 
  custom:container-muxer-webm: aa71ff27fc2769a1b78a27578f13a17b -> 
  custom:container-demuxer-webm: 4f35f7cbe854078d1ac9338744f61a02 -> 
  custom:video-encoder-webm-vp8: eb34c28f22e8b96e1ab97ce403110664 -> 
  custom:audio-encoder-webm-vorbis: bf7c407c2cedff20999df2af8eb42d56 -> 
  custom:framework-win-MediaFoundation: 216162199b28c13a410421893ffa2e32 -> 
  custom:container-demuxer-ogg: 62fdf1f143b41e24485cea50d1cbac27 -> 
  custom:video-decoder-webm-vp8: 9c59270c3fd7afecdb556c50c9e8de78 -> 
  custom:audio-decoder-ogg-vorbis: bf7c407c2cedff20999df2af8eb42d56 -> 
========================================================================
Received Prepare
Registering precompiled user dll's ...
Registered in 0.014783 seconds.
Begin MonoManager ReloadAssembly
Native extension for WindowsStandalone target not found
Native extension for iOS target not found
Native extension for Android target not found
Refreshing native plugins compatible for Editor in 1.80 ms, found 5 plugins.
Preloading 0 native plugins for Editor in 0.00 ms.
Mono: successfully reloaded assembly
- Completed reload, in  1.648 seconds
Domain Reload Profiling:
	ReloadAssembly (1650ms)
		BeginReloadAssembly (204ms)
			ExecutionOrderSort (0ms)
			DisableScriptedObjects (12ms)
			BackupInstance (0ms)
			ReleaseScriptingObjects (0ms)
			CreateAndSetChildDomain (54ms)
		EndReloadAssembly (1274ms)
			LoadAssemblies (136ms)
			RebuildTransferFunctionScriptingTraits (0ms)
			SetupTypeCache (411ms)
			ReleaseScriptCaches (3ms)
			RebuildScriptCaches (86ms)
			SetupLoadedEditorAssemblies (566ms)
				LogAssemblyErrors (0ms)
				InitializePlatformSupportModulesInManaged (61ms)
				SetLoadedEditorAssemblies (1ms)
				RefreshPlugins (2ms)
				BeforeProcessingInitializeOnLoad (135ms)
				ProcessInitializeOnLoadAttributes (301ms)
				ProcessInitializeOnLoadMethodAttributes (47ms)
				AfterProcessingInitializeOnLoad (17ms)
				EditorAssembliesLoaded (0ms)
			ExecutionOrderSort2 (0ms)
			AwakeInstancesAfterBackupRestoration (19ms)
Platform modules already initialized, skipping
Refreshing native plugins compatible for Editor in 3.86 ms, found 5 plugins.
Preloading 0 native plugins for Editor in 0.00 ms.
Unloading 2510 Unused Serialized files (Serialized files now loaded: 0)
Unloading 20 unused Assets / (31.8 KB). Loaded Objects now: 3025.
Memory consumption went from 114.9 MB to 114.9 MB.
Total: 2.654500 ms (FindLiveObjects: 0.213800 ms CreateObjectMapping: 0.102900 ms MarkObjects: 2.318600 ms  DeleteObjects: 0.018000 ms)

AssetImportParameters requested are different than current active one (requested -> active):
  custom:video-decoder-ogg-theora: a1e56fd34408186e4bbccfd4996cb3dc -> 
  custom:container-muxer-webm: aa71ff27fc2769a1b78a27578f13a17b -> 
  custom:container-demuxer-webm: 4f35f7cbe854078d1ac9338744f61a02 -> 
  custom:video-encoder-webm-vp8: eb34c28f22e8b96e1ab97ce403110664 -> 
  custom:audio-encoder-webm-vorbis: bf7c407c2cedff20999df2af8eb42d56 -> 
  custom:framework-win-MediaFoundation: 216162199b28c13a410421893ffa2e32 -> 
  custom:container-demuxer-ogg: 62fdf1f143b41e24485cea50d1cbac27 -> 
  custom:video-decoder-webm-vp8: 9c59270c3fd7afecdb556c50c9e8de78 -> 
  custom:audio-decoder-ogg-vorbis: bf7c407c2cedff20999df2af8eb42d56 -> 
========================================================================
Received Prepare
Registering precompiled user dll's ...
Registered in 0.010170 seconds.
Begin MonoManager ReloadAssembly
Native extension for WindowsStandalone target not found
Native extension for iOS target not found
Native extension for Android target not found
Refreshing native plugins compatible for Editor in 0.71 ms, found 5 plugins.
Preloading 0 native plugins for Editor in 0.00 ms.
Mono: successfully reloaded assembly
- Completed reload, in  1.651 seconds
Domain Reload Profiling:
	ReloadAssembly (1651ms)
		BeginReloadAssembly (194ms)
			ExecutionOrderSort (0ms)
			DisableScriptedObjects (8ms)
			BackupInstance (0ms)
			ReleaseScriptingObjects (0ms)
			CreateAndSetChildDomain (55ms)
		EndReloadAssembly (1292ms)
			LoadAssemblies (126ms)
			RebuildTransferFunctionScriptingTraits (0ms)
			SetupTypeCache (434ms)
			ReleaseScriptCaches (2ms)
			RebuildScriptCaches (96ms)
			SetupLoadedEditorAssemblies (538ms)
				LogAssemblyErrors (0ms)
				InitializePlatformSupportModulesInManaged (52ms)
				SetLoadedEditorAssemblies (1ms)
				RefreshPlugins (1ms)
				BeforeProcessingInitializeOnLoad (137ms)
				ProcessInitializeOnLoadAttributes (279ms)
				ProcessInitializeOnLoadMethodAttributes (51ms)
				AfterProcessingInitializeOnLoad (16ms)
				EditorAssembliesLoaded (0ms)
			ExecutionOrderSort2 (0ms)
			AwakeInstancesAfterBackupRestoration (22ms)
Platform modules already initialized, skipping
Refreshing native plugins compatible for Editor in 4.95 ms, found 5 plugins.
Preloading 0 native plugins for Editor in 0.00 ms.
Unloading 2510 Unused Serialized files (Serialized files now loaded: 0)
Unloading 20 unused Assets / (31.7 KB). Loaded Objects now: 3028.
Memory consumption went from 114.9 MB to 114.9 MB.
Total: 3.351800 ms (FindLiveObjects: 0.215200 ms CreateObjectMapping: 0.109100 ms MarkObjects: 3.002300 ms  DeleteObjects: 0.023800 ms)

AssetImportParameters requested are different than current active one (requested -> active):
  custom:video-decoder-ogg-theora: a1e56fd34408186e4bbccfd4996cb3dc -> 
  custom:container-muxer-webm: aa71ff27fc2769a1b78a27578f13a17b -> 
  custom:container-demuxer-webm: 4f35f7cbe854078d1ac9338744f61a02 -> 
  custom:video-encoder-webm-vp8: eb34c28f22e8b96e1ab97ce403110664 -> 
  custom:audio-encoder-webm-vorbis: bf7c407c2cedff20999df2af8eb42d56 -> 
  custom:framework-win-MediaFoundation: 216162199b28c13a410421893ffa2e32 -> 
  custom:container-demuxer-ogg: 62fdf1f143b41e24485cea50d1cbac27 -> 
  custom:video-decoder-webm-vp8: 9c59270c3fd7afecdb556c50c9e8de78 -> 
  custom:audio-decoder-ogg-vorbis: bf7c407c2cedff20999df2af8eb42d56 -> 
========================================================================
Received Prepare
Refreshing native plugins compatible for Editor in 6.59 ms, found 5 plugins.
Preloading 0 native plugins for Editor in 0.00 ms.
Unloading 21 Unused Serialized files (Serialized files now loaded: 0)
Unloading 20 unused Assets / (29.0 KB). Loaded Objects now: 3028.
Memory consumption went from 65.1 MB to 65.0 MB.
Total: 4.303400 ms (FindLiveObjects: 0.204000 ms CreateObjectMapping: 0.108800 ms MarkObjects: 3.960700 ms  DeleteObjects: 0.028800 ms)

AssetImportParameters requested are different than current active one (requested -> active):
  custom:video-decoder-ogg-theora: a1e56fd34408186e4bbccfd4996cb3dc -> 
  custom:container-muxer-webm: aa71ff27fc2769a1b78a27578f13a17b -> 
  custom:container-demuxer-webm: 4f35f7cbe854078d1ac9338744f61a02 -> 
  custom:video-encoder-webm-vp8: eb34c28f22e8b96e1ab97ce403110664 -> 
  custom:audio-encoder-webm-vorbis: bf7c407c2cedff20999df2af8eb42d56 -> 
  custom:framework-win-MediaFoundation: 216162199b28c13a410421893ffa2e32 -> 
  custom:container-demuxer-ogg: 62fdf1f143b41e24485cea50d1cbac27 -> 
  custom:video-decoder-webm-vp8: 9c59270c3fd7afecdb556c50c9e8de78 -> 
  custom:audio-decoder-ogg-vorbis: bf7c407c2cedff20999df2af8eb42d56 -> 
========================================================================
Received Import Request.
  Time since last request: 490.268709 seconds.
  path: Assets/Joystick Pack/Scripts
  artifactKey: Guid(07b685cbd69eaf049b40883b45f5bae2) Importer(815301076,1909f56bfc062723c751e8b465ee728b)
Start importing Assets/Joystick Pack/Scripts using Guid(07b685cbd69eaf049b40883b45f5bae2) Importer(815301076,1909f56bfc062723c751e8b465ee728b)  -> (artifact id: 'c96fa52d4c6c6f96591ccfa097d9cf88') in 0.038057 seconds 
========================================================================
Received Import Request.
  Time since last request: 0.200904 seconds.
  path: Assets/Scenes/Final Scenes/TutorialLevel.unity
  artifactKey: Guid(fdc33e10663712a4fad63ccfd2bec35c) Importer(815301076,1909f56bfc062723c751e8b465ee728b)
Start importing Assets/Scenes/Final Scenes/TutorialLevel.unity using Guid(fdc33e10663712a4fad63ccfd2bec35c) Importer(815301076,1909f56bfc062723c751e8b465ee728b)  -> (artifact id: '3851ca786c4670218d34c8de12f958cf') in 0.010823 seconds 
========================================================================
Received Import Request.
  Time since last request: 0.136144 seconds.
  path: Assets/Prefabs/World/Game.prefab
  artifactKey: Guid(3763b60964828f74ca93c7e665c68a8b) Importer(815301076,1909f56bfc062723c751e8b465ee728b)
Start importing Assets/Prefabs/World/Game.prefab using Guid(3763b60964828f74ca93c7e665c68a8b) Importer(815301076,1909f56bfc062723c751e8b465ee728b)  -> (artifact id: 'd3a290604b2facacaf4712ef86e8b9ca') in 0.626711 seconds 
========================================================================
Received Import Request.
  Time since last request: 0.051605 seconds.
  path: Assets/Assets/Levels/Backgrounds
  artifactKey: Guid(cf5e3ad627c5c3242b1f67f1d491c12e) Importer(815301076,1909f56bfc062723c751e8b465ee728b)
Start importing Assets/Assets/Levels/Backgrounds using Guid(cf5e3ad627c5c3242b1f67f1d491c12e) Importer(815301076,1909f56bfc062723c751e8b465ee728b)  -> (artifact id: 'ea00d1a206e52faa7abcb244b80d235a') in 0.009887 seconds 
========================================================================
Received Import Request.
  Time since last request: 0.009732 seconds.
  path: Assets/Assets/Enemies/BossBot/BossBot_Idle.anim
  artifactKey: Guid(cd3e725ead4c134428b913ba658f15a6) Importer(815301076,1909f56bfc062723c751e8b465ee728b)
Start importing Assets/Assets/Enemies/BossBot/BossBot_Idle.anim using Guid(cd3e725ead4c134428b913ba658f15a6) Importer(815301076,1909f56bfc062723c751e8b465ee728b)  -> (artifact id: 'be6bdcec7d9fc80370b29280057d5606') in 0.019686 seconds 
========================================================================
Received Import Request.
  Time since last request: 0.150823 seconds.
  path: Assets/Joystick Pack/Prefabs/Variable Joystick.prefab
  artifactKey: Guid(ec536a7718376554185e4a856d5ae230) Importer(815301076,1909f56bfc062723c751e8b465ee728b)
Start importing Assets/Joystick Pack/Prefabs/Variable Joystick.prefab using Guid(ec536a7718376554185e4a856d5ae230) Importer(815301076,1909f56bfc062723c751e8b465ee728b)  -> (artifact id: '80f42d8b7e46b491f6e7e35b90bd45a4') in 0.014413 seconds 
========================================================================
Received Import Request.
  Time since last request: 0.032474 seconds.
  path: Assets/Assets/X/X_Victory.anim
  artifactKey: Guid(cb7048bbd4714e143a5344be413b4016) Importer(815301076,1909f56bfc062723c751e8b465ee728b)
Start importing Assets/Assets/X/X_Victory.anim using Guid(cb7048bbd4714e143a5344be413b4016) Importer(815301076,1909f56bfc062723c751e8b465ee728b)  -> (artifact id: '6111a3e13f0d76f3d7d9a78c7053117f') in 0.009776 seconds 
========================================================================
Received Import Request.
  Time since last request: 0.020750 seconds.
  path: Assets/Assets/Font/Tachyon W00 Regular/@font-face/0021e0dd7bb3205b038c4f17aacff6cc.woff
  artifactKey: Guid(b858428665d1865468d202e99b4b74d8) Importer(815301076,1909f56bfc062723c751e8b465ee728b)
Start importing Assets/Assets/Font/Tachyon W00 Regular/@font-face/0021e0dd7bb3205b038c4f17aacff6cc.woff using Guid(b858428665d1865468d202e99b4b74d8) Importer(815301076,1909f56bfc062723c751e8b465ee728b)  -> (artifact id: '4b197c960f68cbfdafab25e4ab2afb10') in 0.009291 seconds 
========================================================================
Received Import Request.
  Time since last request: 0.076865 seconds.
  path: Assets/Assets/Materials/MIDDLE SOIL.mat
  artifactKey: Guid(722988681ea8f0445b8717f38e5ef356) Importer(815301076,1909f56bfc062723c751e8b465ee728b)
Start importing Assets/Assets/Materials/MIDDLE SOIL.mat using Guid(722988681ea8f0445b8717f38e5ef356) Importer(815301076,1909f56bfc062723c751e8b465ee728b)  -> (artifact id: 'efc3c52335db180aa7462b2da6b4488e') in 0.050444 seconds 
========================================================================
Received Import Request.
  Time since last request: 0.015993 seconds.
  path: Assets/Assets/Levels/Boss Level/Bird_Animator.controller
  artifactKey: Guid(c0f92a1fdf81cf84687aba039546fc38) Importer(815301076,1909f56bfc062723c751e8b465ee728b)
Start importing Assets/Assets/Levels/Boss Level/Bird_Animator.controller using Guid(c0f92a1fdf81cf84687aba039546fc38) Importer(815301076,1909f56bfc062723c751e8b465ee728b)  -> (artifact id: '59c4af7bc11a6236f8016e69d755fef6') in 0.013410 seconds 
========================================================================
Received Import Request.
  Time since last request: 0.216987 seconds.
  path: Assets/Joystick Pack/Examples
  artifactKey: Guid(5a71259a40885244a8fda03175513ba5) Importer(815301076,1909f56bfc062723c751e8b465ee728b)
Start importing Assets/Joystick Pack/Examples using Guid(5a71259a40885244a8fda03175513ba5) Importer(815301076,1909f56bfc062723c751e8b465ee728b)  -> (artifact id: 'a802018d1f65edbfece9325f9dc08655') in 0.010197 seconds 
========================================================================
Received Import Request.
  Time since last request: 0.039407 seconds.
  path: Assets/Script/Managers/SoundManager.cs
  artifactKey: Guid(bb817ea58a5fece4a99a1be70523bf54) Importer(815301076,1909f56bfc062723c751e8b465ee728b)
Start importing Assets/Script/Managers/SoundManager.cs using Guid(bb817ea58a5fece4a99a1be70523bf54) Importer(815301076,1909f56bfc062723c751e8b465ee728b)  -> (artifact id: 'ec8a1b2175541b5a256fe892e68adbfe') in 0.011769 seconds 
========================================================================
Received Import Request.
  Time since last request: 0.165765 seconds.
  path: Assets/Script/New Platforms/Enemy/Enemy.cs
  artifactKey: Guid(d09f2a1de1c1b344aba726a239987f66) Importer(815301076,1909f56bfc062723c751e8b465ee728b)
Start importing Assets/Script/New Platforms/Enemy/Enemy.cs using Guid(d09f2a1de1c1b344aba726a239987f66) Importer(815301076,1909f56bfc062723c751e8b465ee728b)  -> (artifact id: 'a0fdb4b3cdf371bad4a5364bba1e050f') in 0.006872 seconds 
========================================================================
Received Import Request.
  Time since last request: 0.015988 seconds.
  path: Assets/Joystick Pack/Scripts/Editor
  artifactKey: Guid(8bf1b896f4e24d441975cb6f11f92e74) Importer(815301076,1909f56bfc062723c751e8b465ee728b)
Start importing Assets/Joystick Pack/Scripts/Editor using Guid(8bf1b896f4e24d441975cb6f11f92e74) Importer(815301076,1909f56bfc062723c751e8b465ee728b)  -> (artifact id: 'b7e12821381305f4b5362363c1d3d410') in 0.006907 seconds 
========================================================================
Received Import Request.
  Time since last request: 0.333171 seconds.
  path: Assets/Script/Currency.cs
  artifactKey: Guid(4932a48791644b74b97d8ac2b972dafe) Importer(815301076,1909f56bfc062723c751e8b465ee728b)
Start importing Assets/Script/Currency.cs using Guid(4932a48791644b74b97d8ac2b972dafe) Importer(815301076,1909f56bfc062723c751e8b465ee728b)  -> (artifact id: '716aeb0243b20b02d9cc5847f28d2d75') in 0.007873 seconds 
========================================================================
Received Import Request.
  Time since last request: 0.379038 seconds.
  path: Assets/Joystick Pack/Sprites
  artifactKey: Guid(f36f8459cb8c3fd44ba4390ba9652af8) Importer(815301076,1909f56bfc062723c751e8b465ee728b)
Start importing Assets/Joystick Pack/Sprites using Guid(f36f8459cb8c3fd44ba4390ba9652af8) Importer(815301076,1909f56bfc062723c751e8b465ee728b)  -> (artifact id: 'dd20ee0d73c0c9f2930a6afb43c79c06') in 0.008635 seconds 
========================================================================
Received Import Request.
  Time since last request: 0.046287 seconds.
  path: Assets/Assets/Materials
  artifactKey: Guid(186606d2f90ac874f8c2be2f80339a4a) Importer(815301076,1909f56bfc062723c751e8b465ee728b)
Start importing Assets/Assets/Materials using Guid(186606d2f90ac874f8c2be2f80339a4a) Importer(815301076,1909f56bfc062723c751e8b465ee728b)  -> (artifact id: 'd952b6815e53d109c9a0bf12b26d223d') in 0.008976 seconds 
========================================================================
Received Import Request.
  Time since last request: 0.048906 seconds.
  path: Assets/Prefabs/Generators/Operation Generator.prefab
  artifactKey: Guid(709a70b4c8015ba42bc1873e8763b0c6) Importer(815301076,1909f56bfc062723c751e8b465ee728b)
Start importing Assets/Prefabs/Generators/Operation Generator.prefab using Guid(709a70b4c8015ba42bc1873e8763b0c6) Importer(815301076,1909f56bfc062723c751e8b465ee728b)  -> (artifact id: 'e9db4b4890eb4210038580a30974d7e5') in 0.094259 seconds 
========================================================================
Received Import Request.
  Time since last request: 0.104272 seconds.
  path: Assets/Scenes/LEVEL 1-2.unity
  artifactKey: Guid(3a2a14be2019142448644e78e6afd929) Importer(815301076,1909f56bfc062723c751e8b465ee728b)
Start importing Assets/Scenes/LEVEL 1-2.unity using Guid(3a2a14be2019142448644e78e6afd929) Importer(815301076,1909f56bfc062723c751e8b465ee728b)  -> (artifact id: 'a2d339a10c9493a98522d1dd9efd13d5') in 0.007106 seconds 
========================================================================
Received Import Request.
  Time since last request: 0.066151 seconds.
  path: Assets/Assets/Font/Tachyon W00 Regular/@font-face
  artifactKey: Guid(165bb23c8f920e741bb8bdc19e3f3333) Importer(815301076,1909f56bfc062723c751e8b465ee728b)
Start importing Assets/Assets/Font/Tachyon W00 Regular/@font-face using Guid(165bb23c8f920e741bb8bdc19e3f3333) Importer(815301076,1909f56bfc062723c751e8b465ee728b)  -> (artifact id: '1cd14ad0c91d2d5e42ffa791ba7c39af') in 0.007785 seconds 
========================================================================
Received Import Request.
  Time since last request: 0.084441 seconds.
  path: Assets/Script/Managers/BossLevelManager.cs
  artifactKey: Guid(bb3755d6faf48774fbf5e31d1c36ad18) Importer(815301076,1909f56bfc062723c751e8b465ee728b)
Start importing Assets/Script/Managers/BossLevelManager.cs using Guid(bb3755d6faf48774fbf5e31d1c36ad18) Importer(815301076,1909f56bfc062723c751e8b465ee728b)  -> (artifact id: 'f43ff5f9f50780e254b87644a06abd58') in 0.005734 seconds 
========================================================================
Received Import Request.
  Time since last request: 0.061532 seconds.
  path: Assets/Prefabs/Old assets/Player.prefab
  artifactKey: Guid(4aff1dfcce8b77a44804717e014a8f1c) Importer(815301076,1909f56bfc062723c751e8b465ee728b)
Start importing Assets/Prefabs/Old assets/Player.prefab using Guid(4aff1dfcce8b77a44804717e014a8f1c) Importer(815301076,1909f56bfc062723c751e8b465ee728b)  -> (artifact id: 'd7d27d3fbaa8b68743468edd099452a0') in 0.196014 seconds 
========================================================================
Received Import Request.
  Time since last request: 0.054261 seconds.
  path: Assets/Assets/Enemies/BossBot/BossBot_Animator.controller
  artifactKey: Guid(5711320dfc6a10a46a8302dfd3f2f0e1) Importer(815301076,1909f56bfc062723c751e8b465ee728b)
Start importing Assets/Assets/Enemies/BossBot/BossBot_Animator.controller using Guid(5711320dfc6a10a46a8302dfd3f2f0e1) Importer(815301076,1909f56bfc062723c751e8b465ee728b)  -> (artifact id: '3976432bfb093683a623e8c9542572f8') in 0.008016 seconds 
========================================================================
Received Import Request.
  Time since last request: 0.039420 seconds.
  path: Assets/Assets/Font/Tachyon W00 Regular/Online_Web_Fonts.url
  artifactKey: Guid(04b7a1db321fe424880e5753aba0e0c7) Importer(815301076,1909f56bfc062723c751e8b465ee728b)
Start importing Assets/Assets/Font/Tachyon W00 Regular/Online_Web_Fonts.url using Guid(04b7a1db321fe424880e5753aba0e0c7) Importer(815301076,1909f56bfc062723c751e8b465ee728b)  -> (artifact id: '9c19b6d522b784949ae9bf68ec104fe9') in 0.098492 seconds 
========================================================================
Received Import Request.
  Time since last request: 0.050778 seconds.
  path: Assets/Assets/Font/Tachyon W00 Regular/@font-face/0021e0dd7bb3205b038c4f17aacff6cc.eot
  artifactKey: Guid(99b7768d753873d46aa1896fcf4f596c) Importer(815301076,1909f56bfc062723c751e8b465ee728b)
Start importing Assets/Assets/Font/Tachyon W00 Regular/@font-face/0021e0dd7bb3205b038c4f17aacff6cc.eot using Guid(99b7768d753873d46aa1896fcf4f596c) Importer(815301076,1909f56bfc062723c751e8b465ee728b)  -> (artifact id: 'd0503df28b1566f0d65ee446db53c9ef') in 0.006721 seconds 
========================================================================
Received Import Request.
  Time since last request: 0.084708 seconds.
  path: Assets/Joystick Pack/Scripts/Base
  artifactKey: Guid(04bf1fec540b6ee4987dc6524756477c) Importer(815301076,1909f56bfc062723c751e8b465ee728b)
Start importing Assets/Joystick Pack/Scripts/Base using Guid(04bf1fec540b6ee4987dc6524756477c) Importer(815301076,1909f56bfc062723c751e8b465ee728b)  -> (artifact id: '35fb1f4ca2908874a82693c995d401f0') in 0.006665 seconds 
========================================================================
Received Import Request.
  Time since last request: 0.058654 seconds.
  path: Assets/Joystick Pack/Prefabs/Dynamic Joystick.prefab
  artifactKey: Guid(56fae09712773584fb63896d473a98ee) Importer(815301076,1909f56bfc062723c751e8b465ee728b)
Start importing Assets/Joystick Pack/Prefabs/Dynamic Joystick.prefab using Guid(56fae09712773584fb63896d473a98ee) Importer(815301076,1909f56bfc062723c751e8b465ee728b)  -> (artifact id: 'f21d389ee5fce2c19590632f3b589698') in 0.013047 seconds 
========================================================================
Received Import Request.
  Time since last request: 0.107229 seconds.
  path: Assets/Scenes/V.2 LEVEL 1-2 try.unity
  artifactKey: Guid(0b688e39cb3eea643bb52737c77df4df) Importer(815301076,1909f56bfc062723c751e8b465ee728b)
Start importing Assets/Scenes/V.2 LEVEL 1-2 try.unity using Guid(0b688e39cb3eea643bb52737c77df4df) Importer(815301076,1909f56bfc062723c751e8b465ee728b)  -> (artifact id: '2b6f3ae41dbbf995932e6fa2899fde76') in 0.008044 seconds 
========================================================================
Received Import Request.
  Time since last request: 0.097379 seconds.
  path: Assets/Script/New player scripts/CharacterMovement.cs
  artifactKey: Guid(87adfb0ab2844064f8f5445fa59d1f4b) Importer(815301076,1909f56bfc062723c751e8b465ee728b)
Start importing Assets/Script/New player scripts/CharacterMovement.cs using Guid(87adfb0ab2844064f8f5445fa59d1f4b) Importer(815301076,1909f56bfc062723c751e8b465ee728b)  -> (artifact id: '5144736dfe2f0dc1fe16f0cf9c363d03') in 0.007971 seconds 
========================================================================
Received Import Request.
  Time since last request: 0.058103 seconds.
  path: Assets/Prefabs/Old assets/Camera.prefab
  artifactKey: Guid(fa864b4111cba5749a47ea695e819a37) Importer(815301076,1909f56bfc062723c751e8b465ee728b)
Start importing Assets/Prefabs/Old assets/Camera.prefab using Guid(fa864b4111cba5749a47ea695e819a37) Importer(815301076,1909f56bfc062723c751e8b465ee728b)  -> (artifact id: 'bb271dd140897e52fa011c349703a0fe') in 0.026466 seconds 
========================================================================
Received Import Request.
  Time since last request: 0.102115 seconds.
  path: Assets/Scenes/Final Scenes/Boss Level.unity
  artifactKey: Guid(bf45fe0c299d91548a384bca28f5fcc9) Importer(815301076,1909f56bfc062723c751e8b465ee728b)
Start importing Assets/Scenes/Final Scenes/Boss Level.unity using Guid(bf45fe0c299d91548a384bca28f5fcc9) Importer(815301076,1909f56bfc062723c751e8b465ee728b)  -> (artifact id: 'aa56e5e793113e89c60fbaf909a7e46c') in 0.004819 seconds 
========================================================================
Received Import Request.
  Time since last request: 0.013608 seconds.
  path: Assets/Assets/Sound
  artifactKey: Guid(4d9812a97c5559a4ea1234ba66864809) Importer(815301076,1909f56bfc062723c751e8b465ee728b)
Start importing Assets/Assets/Sound using Guid(4d9812a97c5559a4ea1234ba66864809) Importer(815301076,1909f56bfc062723c751e8b465ee728b)  -> (artifact id: '8fcb14c36a3f1db433c618147af2876b') in 0.008223 seconds 
========================================================================
Received Import Request.
  Time since last request: 0.292724 seconds.
  path: Assets/Prefabs/World/Old prefabs/Old HUD.prefab
  artifactKey: Guid(62e23e302d9e76f439b7a114cbfa2636) Importer(815301076,1909f56bfc062723c751e8b465ee728b)
Start importing Assets/Prefabs/World/Old prefabs/Old HUD.prefab using Guid(62e23e302d9e76f439b7a114cbfa2636) Importer(815301076,1909f56bfc062723c751e8b465ee728b)  -> (artifact id: 'e8590eab12f4fac499bbe44b1c8a8ead') in 0.032947 seconds 
========================================================================
Received Import Request.
  Time since last request: 0.089675 seconds.
  path: Assets/Scenes/V.2 LEVEL 1-1.unity
  artifactKey: Guid(6a6f3a078207ca447b36a67bd14a6f0d) Importer(815301076,1909f56bfc062723c751e8b465ee728b)
Start importing Assets/Scenes/V.2 LEVEL 1-1.unity using Guid(6a6f3a078207ca447b36a67bd14a6f0d) Importer(815301076,1909f56bfc062723c751e8b465ee728b)  -> (artifact id: 'f4cde58dff135b88e6d4cb0f32455314') in 0.011249 seconds 
========================================================================
Received Import Request.
  Time since last request: 0.054871 seconds.
  path: Assets/Prefabs/Generators/Portal.prefab
  artifactKey: Guid(0b0b17b64050213448720a5d365d8f34) Importer(815301076,1909f56bfc062723c751e8b465ee728b)
Start importing Assets/Prefabs/Generators/Portal.prefab using Guid(0b0b17b64050213448720a5d365d8f34) Importer(815301076,1909f56bfc062723c751e8b465ee728b)  -> (artifact id: 'd6f3f6b418da0b60db2c7323a549bd27') in 0.052595 seconds 
========================================================================
Received Import Request.
  Time since last request: 0.150017 seconds.
  path: Assets/Plugins/AndroidManifest.xml
  artifactKey: Guid(5c45e309e0c73584facda7389366467d) Importer(815301076,1909f56bfc062723c751e8b465ee728b)
Start importing Assets/Plugins/AndroidManifest.xml using Guid(5c45e309e0c73584facda7389366467d) Importer(815301076,1909f56bfc062723c751e8b465ee728b)  -> (artifact id: '23bf376a4b4f007b459fdf69527975d7') in 0.021928 seconds 
========================================================================
Received Import Request.
  Time since last request: 0.202615 seconds.
  path: Assets/Prefabs/World/Old prefabs/Game.prefab
  artifactKey: Guid(d563992534a49a44aa463eef197b8629) Importer(815301076,1909f56bfc062723c751e8b465ee728b)
Start importing Assets/Prefabs/World/Old prefabs/Game.prefab using Guid(d563992534a49a44aa463eef197b8629) Importer(815301076,1909f56bfc062723c751e8b465ee728b)  -> (artifact id: '6c9e4dab79699004e61d28645f875184') in 0.244385 seconds 
========================================================================
Received Import Request.
  Time since last request: 0.212845 seconds.
  path: Assets/Joystick Pack/Examples/Example Scene.unity
  artifactKey: Guid(414bddd31c5ea4f4c9f5d1452e5bbb41) Importer(815301076,1909f56bfc062723c751e8b465ee728b)
Start importing Assets/Joystick Pack/Examples/Example Scene.unity using Guid(414bddd31c5ea4f4c9f5d1452e5bbb41) Importer(815301076,1909f56bfc062723c751e8b465ee728b)  -> (artifact id: 'e6390661db72fa1dd460b235629a8224') in 0.006772 seconds 
========================================================================
Received Import Request.
  Time since last request: 0.130590 seconds.
  path: Assets/Scenes/Test Scenes/DevScene.unity
  artifactKey: Guid(e13283f83f3e5ca46aad32d8a00a788c) Importer(815301076,1909f56bfc062723c751e8b465ee728b)
Start importing Assets/Scenes/Test Scenes/DevScene.unity using Guid(e13283f83f3e5ca46aad32d8a00a788c) Importer(815301076,1909f56bfc062723c751e8b465ee728b)  -> (artifact id: 'c67d663631e35d306ea81c352d982ba1') in 0.007678 seconds 
========================================================================
Received Import Request.
  Time since last request: 0.167733 seconds.
  path: Assets/Scenes/Final Scenes/Level1-1.unity
  artifactKey: Guid(5f6fd5793d229094eb0ea5b2ca285ec5) Importer(815301076,1909f56bfc062723c751e8b465ee728b)
Start importing Assets/Scenes/Final Scenes/Level1-1.unity using Guid(5f6fd5793d229094eb0ea5b2ca285ec5) Importer(815301076,1909f56bfc062723c751e8b465ee728b)  -> (artifact id: '5ab03f7241090a47a38304596424db53') in 0.010519 seconds 
========================================================================
Received Import Request.
  Time since last request: 0.003812 seconds.
  path: Assets/Script/UI
  artifactKey: Guid(f4dcfd1812a536249b8f44be93defe38) Importer(815301076,1909f56bfc062723c751e8b465ee728b)
Start importing Assets/Script/UI using Guid(f4dcfd1812a536249b8f44be93defe38) Importer(815301076,1909f56bfc062723c751e8b465ee728b)  -> (artifact id: '414690f153be06f5e579158bcd95f2e3') in 0.008337 seconds 
========================================================================
Received Import Request.
  Time since last request: 0.011964 seconds.
  path: Assets/Joystick Pack/Sprites/All Axis Backgrounds
  artifactKey: Guid(8ca78f589dc53fd419c85dd20ea22ade) Importer(815301076,1909f56bfc062723c751e8b465ee728b)
Start importing Assets/Joystick Pack/Sprites/All Axis Backgrounds using Guid(8ca78f589dc53fd419c85dd20ea22ade) Importer(815301076,1909f56bfc062723c751e8b465ee728b)  -> (artifact id: '256515bf63e9c8a6335dd3c079e167da') in 0.008621 seconds 
========================================================================
Received Import Request.
  Time since last request: 0.101757 seconds.
  path: Assets/Assets/Font/Rounds Black/License Rounds English.pdf
  artifactKey: Guid(87c5852cbd0e8974ea45436bab4067eb) Importer(815301076,1909f56bfc062723c751e8b465ee728b)
Start importing Assets/Assets/Font/Rounds Black/License Rounds English.pdf using Guid(87c5852cbd0e8974ea45436bab4067eb) Importer(815301076,1909f56bfc062723c751e8b465ee728b)  -> (artifact id: '874cee78a271add391f1519194e9b1a9') in 0.014382 seconds 
========================================================================
Received Import Request.
  Time since last request: 0.036439 seconds.
  path: Assets/Scenes/V.2 LEVEL 1-1 COPY.unity
  artifactKey: Guid(d2cf6c5dc8968ab4ca76f99f78094a10) Importer(815301076,1909f56bfc062723c751e8b465ee728b)
Start importing Assets/Scenes/V.2 LEVEL 1-1 COPY.unity using Guid(d2cf6c5dc8968ab4ca76f99f78094a10) Importer(815301076,1909f56bfc062723c751e8b465ee728b)  -> (artifact id: '18044a8e89596fd66b78a1eeea9836d1') in 0.009263 seconds 
========================================================================
Received Import Request.
  Time since last request: 0.026470 seconds.
  path: Assets/Assets/Font/Rounds Black/License Rounds Russian.pdf
  artifactKey: Guid(0f82cfcd23f9e0f49b200362d597dd78) Importer(815301076,1909f56bfc062723c751e8b465ee728b)
Start importing Assets/Assets/Font/Rounds Black/License Rounds Russian.pdf using Guid(0f82cfcd23f9e0f49b200362d597dd78) Importer(815301076,1909f56bfc062723c751e8b465ee728b)  -> (artifact id: 'ceff30a1df0651f729e33bdf8b33533c') in 0.007362 seconds 
========================================================================
Received Import Request.
  Time since last request: 0.037253 seconds.
  path: Assets/Script/UI/UIActions.cs
  artifactKey: Guid(1e72376959157274cb742ef35c9f87f6) Importer(815301076,1909f56bfc062723c751e8b465ee728b)
Start importing Assets/Script/UI/UIActions.cs using Guid(1e72376959157274cb742ef35c9f87f6) Importer(815301076,1909f56bfc062723c751e8b465ee728b)  -> (artifact id: 'b3ccfa384b17e707030cff77fcbac638') in 0.007607 seconds 
========================================================================
Received Import Request.
  Time since last request: 0.005861 seconds.
  path: Assets/Joystick Pack/Prefabs/Floating Joystick.prefab
  artifactKey: Guid(0d230cc8be529a542a08cb878ab14b18) Importer(815301076,1909f56bfc062723c751e8b465ee728b)
Start importing Assets/Joystick Pack/Prefabs/Floating Joystick.prefab using Guid(0d230cc8be529a542a08cb878ab14b18) Importer(815301076,1909f56bfc062723c751e8b465ee728b)  -> (artifact id: 'da08d0d73d7d981fb8ceee0c394485cb') in 0.012552 seconds 
========================================================================
Received Import Request.
  Time since last request: 0.032755 seconds.
  path: Assets/Joystick Pack/Examples/Ground.mat
  artifactKey: Guid(c569c280f0eb52a49a7b2a6b8b0cbcf8) Importer(815301076,1909f56bfc062723c751e8b465ee728b)
Start importing Assets/Joystick Pack/Examples/Ground.mat using Guid(c569c280f0eb52a49a7b2a6b8b0cbcf8) Importer(815301076,1909f56bfc062723c751e8b465ee728b)  -> (artifact id: '49fb57b9f159ec424cc7fadb5be8ce2c') in 0.036916 seconds 
========================================================================
Received Import Request.
  Time since last request: 0.225124 seconds.
  path: Assets/Assets/Levels/Boss Level/Bird_Animation.anim
  artifactKey: Guid(5b507f6cfcd16c14e97960a9d24d61e4) Importer(815301076,1909f56bfc062723c751e8b465ee728b)
Start importing Assets/Assets/Levels/Boss Level/Bird_Animation.anim using Guid(5b507f6cfcd16c14e97960a9d24d61e4) Importer(815301076,1909f56bfc062723c751e8b465ee728b)  -> (artifact id: '7097686a35f7b83ca5df999cb095f9bf') in 0.010625 seconds 
========================================================================
Received Import Request.
  Time since last request: 0.140757 seconds.
  path: Assets/Joystick Pack/Sprites/Vertical Backgrounds
  artifactKey: Guid(90487ea2fbd75ca4aafda6529e728976) Importer(815301076,1909f56bfc062723c751e8b465ee728b)
Start importing Assets/Joystick Pack/Sprites/Vertical Backgrounds using Guid(90487ea2fbd75ca4aafda6529e728976) Importer(815301076,1909f56bfc062723c751e8b465ee728b)  -> (artifact id: '6bff343d1512e8d516636b1e8ea88b2d') in 0.008966 seconds 
========================================================================
Received Import Request.
  Time since last request: 0.188345 seconds.
  path: Assets/Assets/Sound/Music
  artifactKey: Guid(ab12e7f8612062a4f96b0dfb2e2c05cc) Importer(815301076,1909f56bfc062723c751e8b465ee728b)
Start importing Assets/Assets/Sound/Music using Guid(ab12e7f8612062a4f96b0dfb2e2c05cc) Importer(815301076,1909f56bfc062723c751e8b465ee728b)  -> (artifact id: 'd83c5ea4471927ec5463964f41608881') in 0.008526 seconds 
========================================================================
Received Import Request.
  Time since last request: 0.074936 seconds.
  path: Assets/Joystick Pack/Examples/Player.mat
  artifactKey: Guid(59e4faf24927edf4a82f463ad16f1c37) Importer(815301076,1909f56bfc062723c751e8b465ee728b)
Start importing Assets/Joystick Pack/Examples/Player.mat using Guid(59e4faf24927edf4a82f463ad16f1c37) Importer(815301076,1909f56bfc062723c751e8b465ee728b)  -> (artifact id: 'deb6f3b95ec1e74e6cf5b405b498a27c') in 0.015641 seconds 
========================================================================
Received Import Request.
  Time since last request: 0.023415 seconds.
  path: Assets/Script/New Platforms/New Generator/ProblemGenerator.cs
  artifactKey: Guid(8037286f8db40354d9bd76f49e695359) Importer(815301076,1909f56bfc062723c751e8b465ee728b)
Start importing Assets/Script/New Platforms/New Generator/ProblemGenerator.cs using Guid(8037286f8db40354d9bd76f49e695359) Importer(815301076,1909f56bfc062723c751e8b465ee728b)  -> (artifact id: '630a543266bba1bb4da3dafd60dcf213') in 0.007880 seconds 
========================================================================
Received Import Request.
  Time since last request: 0.050422 seconds.
  path: Assets/Joystick Pack/Documentaion.pdf
  artifactKey: Guid(cfa813ed406827e43b967abd54ab5b9a) Importer(815301076,1909f56bfc062723c751e8b465ee728b)
Start importing Assets/Joystick Pack/Documentaion.pdf using Guid(cfa813ed406827e43b967abd54ab5b9a) Importer(815301076,1909f56bfc062723c751e8b465ee728b)  -> (artifact id: 'cb436e9a6692d512fdb33a4be1681996') in 0.011531 seconds 
========================================================================
Received Import Request.
  Time since last request: 0.002883 seconds.
  path: Assets/Assets/Platforms
  artifactKey: Guid(19ea9902e88048a498bf915e707318ad) Importer(815301076,1909f56bfc062723c751e8b465ee728b)
Start importing Assets/Assets/Platforms using Guid(19ea9902e88048a498bf915e707318ad) Importer(815301076,1909f56bfc062723c751e8b465ee728b)  -> (artifact id: '27f24ac7661c9a328bccb2bb35196758') in 0.007346 seconds 
========================================================================
Received Import Request.
  Time since last request: 0.006699 seconds.
  path: Assets/Assets/Enemies/MiniBot/MASK.controller
  artifactKey: Guid(bb931a98d34954741ab534d65feef36a) Importer(815301076,1909f56bfc062723c751e8b465ee728b)
Start importing Assets/Assets/Enemies/MiniBot/MASK.controller using Guid(bb931a98d34954741ab534d65feef36a) Importer(815301076,1909f56bfc062723c751e8b465ee728b)  -> (artifact id: 'e5403c1f3b64b1619a6474ca398189d0') in 0.007055 seconds 
========================================================================
Received Import Request.
  Time since last request: 0.027489 seconds.
  path: Assets/Script/New player scripts/CharacterController.cs
  artifactKey: Guid(a604245ca0471014db6612df9dc8221e) Importer(815301076,1909f56bfc062723c751e8b465ee728b)
Start importing Assets/Script/New player scripts/CharacterController.cs using Guid(a604245ca0471014db6612df9dc8221e) Importer(815301076,1909f56bfc062723c751e8b465ee728b)  -> (artifact id: '8aa8a30d2b6295041c5031d7bf779306') in 0.006485 seconds 
========================================================================
Received Import Request.
  Time since last request: 0.137040 seconds.
  path: Assets/Joystick Pack/Prefabs/Fixed Joystick.prefab
  artifactKey: Guid(aaa2c939c0359ac4dbce3f49e8b90252) Importer(815301076,1909f56bfc062723c751e8b465ee728b)
Start importing Assets/Joystick Pack/Prefabs/Fixed Joystick.prefab using Guid(aaa2c939c0359ac4dbce3f49e8b90252) Importer(815301076,1909f56bfc062723c751e8b465ee728b)  -> (artifact id: 'a64ce79f0925630b092af198cc9bb8b0') in 0.011044 seconds 
========================================================================
Received Import Request.
  Time since last request: 0.021410 seconds.
  path: Assets/Assets/OPERATION SYBER_FRAMES/StoryFrames_Animation.anim
  artifactKey: Guid(4ea4e3b6fa8d24442ac242770765ca13) Importer(815301076,1909f56bfc062723c751e8b465ee728b)
Start importing Assets/Assets/OPERATION SYBER_FRAMES/StoryFrames_Animation.anim using Guid(4ea4e3b6fa8d24442ac242770765ca13) Importer(815301076,1909f56bfc062723c751e8b465ee728b)  -> (artifact id: 'c5e9ac073322fad1ee16e297653a071f') in 0.007288 seconds 
========================================================================
Received Import Request.
  Time since last request: 0.017119 seconds.
  path: Assets/Assets/Enemies/BossBot/BossBot_Damaged.anim
  artifactKey: Guid(1c8bb8b98af28cb4abad0b961c2849b6) Importer(815301076,1909f56bfc062723c751e8b465ee728b)
Start importing Assets/Assets/Enemies/BossBot/BossBot_Damaged.anim using Guid(1c8bb8b98af28cb4abad0b961c2849b6) Importer(815301076,1909f56bfc062723c751e8b465ee728b)  -> (artifact id: '7f21dd7a5e443683ffb609c82cc45c33') in 0.010034 seconds 
========================================================================
Received Import Request.
  Time since last request: 0.128984 seconds.
  path: Assets/Prefabs/World/X.prefab
  artifactKey: Guid(83672c0b96ca83c41b0e738bfcbc8623) Importer(815301076,1909f56bfc062723c751e8b465ee728b)
Start importing Assets/Prefabs/World/X.prefab using Guid(83672c0b96ca83c41b0e738bfcbc8623) Importer(815301076,1909f56bfc062723c751e8b465ee728b)  -> (artifact id: 'cd63fa51da24c8c63bd0ba8673736d72') in 0.188951 seconds 
========================================================================
Received Import Request.
  Time since last request: 0.105057 seconds.
  path: Assets/Script/Platforms/OperationBlock.cs
  artifactKey: Guid(da00413682d21354b808f0915eca60ce) Importer(815301076,1909f56bfc062723c751e8b465ee728b)
Start importing Assets/Script/Platforms/OperationBlock.cs using Guid(da00413682d21354b808f0915eca60ce) Importer(815301076,1909f56bfc062723c751e8b465ee728b)  -> (artifact id: 'bce4f5912b5023f1d883567527af12e5') in 0.006197 seconds 
========================================================================
Received Import Request.
  Time since last request: 0.033500 seconds.
  path: Assets/Assets/Levels/Boss Level/Background_Animation.anim
  artifactKey: Guid(a033f594184376f43b940d29133b0f2d) Importer(815301076,1909f56bfc062723c751e8b465ee728b)
Start importing Assets/Assets/Levels/Boss Level/Background_Animation.anim using Guid(a033f594184376f43b940d29133b0f2d) Importer(815301076,1909f56bfc062723c751e8b465ee728b)  -> (artifact id: 'f447440b8c02e92b686692d9aac72ce7') in 0.011833 seconds 
========================================================================
Received Import Request.
  Time since last request: 0.028697 seconds.
  path: Assets/Joystick Pack/Prefabs
  artifactKey: Guid(d41e4075f56d1e1438b3af3673ec6081) Importer(815301076,1909f56bfc062723c751e8b465ee728b)
Start importing Assets/Joystick Pack/Prefabs using Guid(d41e4075f56d1e1438b3af3673ec6081) Importer(815301076,1909f56bfc062723c751e8b465ee728b)  -> (artifact id: '62dfa16a52ae54f96d1517e43324129d') in 0.008540 seconds 
========================================================================
Received Import Request.
  Time since last request: 0.072600 seconds.
  path: Assets/Assets/Font/Tachyon W00 Regular/@font-face/0021e0dd7bb3205b038c4f17aacff6cc.woff2
  artifactKey: Guid(f9a55ab651624a94c922fac37f77f844) Importer(815301076,1909f56bfc062723c751e8b465ee728b)
Start importing Assets/Assets/Font/Tachyon W00 Regular/@font-face/0021e0dd7bb3205b038c4f17aacff6cc.woff2 using Guid(f9a55ab651624a94c922fac37f77f844) Importer(815301076,1909f56bfc062723c751e8b465ee728b)  -> (artifact id: '6c678f85414084ac2daa6acab7ff3bd4') in 0.005375 seconds 
========================================================================
Received Import Request.
  Time since last request: 0.043695 seconds.
  path: Assets/Assets/ENRICO'S/Materials/solar panel.mat
  artifactKey: Guid(c7a9f4582d3ad6645bef7d1de5fb44f9) Importer(815301076,1909f56bfc062723c751e8b465ee728b)
Start importing Assets/Assets/ENRICO'S/Materials/solar panel.mat using Guid(c7a9f4582d3ad6645bef7d1de5fb44f9) Importer(815301076,1909f56bfc062723c751e8b465ee728b)  -> (artifact id: '63f09fac7a43ccdc97336b38ade437ac') in 0.033119 seconds 
========================================================================
Received Import Request.
  Time since last request: 0.094584 seconds.
  path: Assets/Assets/ENRICO'S/Materials
  artifactKey: Guid(5ea772e9949d116448082a08d6845f7e) Importer(815301076,1909f56bfc062723c751e8b465ee728b)
Start importing Assets/Assets/ENRICO'S/Materials using Guid(5ea772e9949d116448082a08d6845f7e) Importer(815301076,1909f56bfc062723c751e8b465ee728b)  -> (artifact id: '8f617ce84e53f7e475c4d9bb0a3f7c71') in 0.002382 seconds 
========================================================================
Received Import Request.
  Time since last request: 0.059230 seconds.
  path: Assets/Assets/Font/Tachyon W00 Regular/@font-face/Demo.html
  artifactKey: Guid(57ee525274c3675428a5cd20d1227331) Importer(815301076,1909f56bfc062723c751e8b465ee728b)
Start importing Assets/Assets/Font/Tachyon W00 Regular/@font-face/Demo.html using Guid(57ee525274c3675428a5cd20d1227331) Importer(815301076,1909f56bfc062723c751e8b465ee728b)  -> (artifact id: '1610219e0b3bb0c664c932e41cbff7ab') in 0.015020 seconds 
========================================================================
Received Import Request.
  Time since last request: 0.065568 seconds.
  path: Assets/Assets/Font/Tachyon W00 Regular/@font-face/0021e0dd7bb3205b038c4f17aacff6cc.svg
  artifactKey: Guid(47ba7e7ff3518f34d9a5650c3efca569) Importer(815301076,1909f56bfc062723c751e8b465ee728b)
Start importing Assets/Assets/Font/Tachyon W00 Regular/@font-face/0021e0dd7bb3205b038c4f17aacff6cc.svg using Guid(47ba7e7ff3518f34d9a5650c3efca569) Importer(815301076,1909f56bfc062723c751e8b465ee728b)  -> (artifact id: '9faa8b7b4a986e52aaff6d95971685c6') in 0.004857 seconds 
========================================================================
Received Import Request.
  Time since last request: 0.005958 seconds.
  path: Assets/Script/CameraMovement.cs
  artifactKey: Guid(b3d89fc515eb25a43b8bc9e351063837) Importer(815301076,1909f56bfc062723c751e8b465ee728b)
Start importing Assets/Script/CameraMovement.cs using Guid(b3d89fc515eb25a43b8bc9e351063837) Importer(815301076,1909f56bfc062723c751e8b465ee728b)  -> (artifact id: 'f19ec95e6a70d506644bff4f1dd7262d') in 0.006414 seconds 
========================================================================
Received Import Request.
  Time since last request: 0.040555 seconds.
  path: Assets/Assets/Levels/Boss Level/Background_Animator.controller
  artifactKey: Guid(fe0035c7f3fa7784c98057b9a80adda2) Importer(815301076,1909f56bfc062723c751e8b465ee728b)
Start importing Assets/Assets/Levels/Boss Level/Background_Animator.controller using Guid(fe0035c7f3fa7784c98057b9a80adda2) Importer(815301076,1909f56bfc062723c751e8b465ee728b)  -> (artifact id: 'afe13dcff20731937d9d03bfa788c616') in 0.010260 seconds 
========================================================================
Received Import Request.
  Time since last request: 0.146355 seconds.
  path: Assets/Prefabs/World/MainCamera.prefab
  artifactKey: Guid(e55060bda99c1564cb024c520ab37de6) Importer(815301076,1909f56bfc062723c751e8b465ee728b)
Start importing Assets/Prefabs/World/MainCamera.prefab using Guid(e55060bda99c1564cb024c520ab37de6) Importer(815301076,1909f56bfc062723c751e8b465ee728b)  -> (artifact id: '3956d0baf38246da62f3a987975e13b9') in 0.029559 seconds 
========================================================================
Received Import Request.
  Time since last request: 0.081365 seconds.
  path: Assets/Joystick Pack/Scripts/Joysticks
  artifactKey: Guid(30f674d88470a814e8648e216b61b9ef) Importer(815301076,1909f56bfc062723c751e8b465ee728b)
Start importing Assets/Joystick Pack/Scripts/Joysticks using Guid(30f674d88470a814e8648e216b61b9ef) Importer(815301076,1909f56bfc062723c751e8b465ee728b)  -> (artifact id: '8c66e8619017c842a76cecdf18974205') in 0.010183 seconds 
========================================================================
Received Import Request.
  Time since last request: 0.142559 seconds.
  path: Assets/Prefabs/Old assets/HUD.prefab
  artifactKey: Guid(dc3497277fac3d540ad9eadfb4322150) Importer(815301076,1909f56bfc062723c751e8b465ee728b)
Start importing Assets/Prefabs/Old assets/HUD.prefab using Guid(dc3497277fac3d540ad9eadfb4322150) Importer(815301076,1909f56bfc062723c751e8b465ee728b)  -> (artifact id: 'e7895a6364078eff647b0bb54db40107') in 0.032080 seconds 
========================================================================
Received Import Request.
  Time since last request: 0.056204 seconds.
  path: Assets/Assets/Add Ons/Duck Hat/DuckHat.mtl
  artifactKey: Guid(c2a38716bd17cb64dad685e86c0c369c) Importer(815301076,1909f56bfc062723c751e8b465ee728b)
Start importing Assets/Assets/Add Ons/Duck Hat/DuckHat.mtl using Guid(c2a38716bd17cb64dad685e86c0c369c) Importer(815301076,1909f56bfc062723c751e8b465ee728b)  -> (artifact id: '49b18f3ba6f049d0f5e80d49b9f4ac2c') in 0.008922 seconds 
========================================================================
Received Import Request.
  Time since last request: 0.028940 seconds.
  path: Assets/Joystick Pack/Sprites/Handles
  artifactKey: Guid(6f3c65e147711ac449f6bbd5e7da81df) Importer(815301076,1909f56bfc062723c751e8b465ee728b)
Start importing Assets/Joystick Pack/Sprites/Handles using Guid(6f3c65e147711ac449f6bbd5e7da81df) Importer(815301076,1909f56bfc062723c751e8b465ee728b)  -> (artifact id: '037797c4c95675d990677215c6e91188') in 0.006890 seconds 
========================================================================
Received Import Request.
  Time since last request: 0.070129 seconds.
  path: Assets/Scenes/Final Scenes/Level1-2.unity
  artifactKey: Guid(98104cc7f58676b4c86239e7ae6294d8) Importer(815301076,1909f56bfc062723c751e8b465ee728b)
Start importing Assets/Scenes/Final Scenes/Level1-2.unity using Guid(98104cc7f58676b4c86239e7ae6294d8) Importer(815301076,1909f56bfc062723c751e8b465ee728b)  -> (artifact id: '05902fbedd5d6c8cebcfb7f81eccf9fe') in 0.006170 seconds 
========================================================================
Received Import Request.
  Time since last request: 0.091850 seconds.
  path: Assets/Assets/X/X_Animator.controller
  artifactKey: Guid(49ba343f79149b041a4c50b0122c1998) Importer(815301076,1909f56bfc062723c751e8b465ee728b)
Start importing Assets/Assets/X/X_Animator.controller using Guid(49ba343f79149b041a4c50b0122c1998) Importer(815301076,1909f56bfc062723c751e8b465ee728b)  -> (artifact id: 'dbb740facfc45a48a26fecea6cb2a6ce') in 0.017502 seconds 
========================================================================
Received Import Request.
  Time since last request: 0.027048 seconds.
  path: Assets/Prefabs/Enemies/Mini Bot Laser.prefab
  artifactKey: Guid(1203bd8900cf7994d94bc5c9ef297d90) Importer(815301076,1909f56bfc062723c751e8b465ee728b)
Start importing Assets/Prefabs/Enemies/Mini Bot Laser.prefab using Guid(1203bd8900cf7994d94bc5c9ef297d90) Importer(815301076,1909f56bfc062723c751e8b465ee728b)  -> (artifact id: '08b484f775aaad056d0dd740c4b00a12') in 0.067013 seconds 
========================================================================
Received Import Request.
  Time since last request: 0.178280 seconds.
  path: Assets/Prefabs/World/Old prefabs/Old Player.prefab
  artifactKey: Guid(4e2de7206cd53ce46b59c6eefcfdbc0c) Importer(815301076,1909f56bfc062723c751e8b465ee728b)
Start importing Assets/Prefabs/World/Old prefabs/Old Player.prefab using Guid(4e2de7206cd53ce46b59c6eefcfdbc0c) Importer(815301076,1909f56bfc062723c751e8b465ee728b)  -> (artifact id: 'e84edb1812a752c2a5d59b734592bbea') in 0.415996 seconds 
========================================================================
Received Import Request.
  Time since last request: 0.027717 seconds.
  path: Assets/Joystick Pack/Sprites/Horizontal Backgrounds
  artifactKey: Guid(4fe6b423a92ebaf4bb564f9457fa74e4) Importer(815301076,1909f56bfc062723c751e8b465ee728b)
Start importing Assets/Joystick Pack/Sprites/Horizontal Backgrounds using Guid(4fe6b423a92ebaf4bb564f9457fa74e4) Importer(815301076,1909f56bfc062723c751e8b465ee728b)  -> (artifact id: 'c41d19508ffa5bad6b0bda610631d53d') in 0.007604 seconds 
========================================================================
Received Import Request.
  Time since last request: 0.163217 seconds.
  path: Assets/Assets/OPERATION SYBER_FRAMES/StoryFrames_Animator.controller
  artifactKey: Guid(f6d6db533a41b5e489a56b0ea1fc44c2) Importer(815301076,1909f56bfc062723c751e8b465ee728b)
Start importing Assets/Assets/OPERATION SYBER_FRAMES/StoryFrames_Animator.controller using Guid(f6d6db533a41b5e489a56b0ea1fc44c2) Importer(815301076,1909f56bfc062723c751e8b465ee728b)  -> (artifact id: '9586e93355bf8270108038a56edbd253') in 0.008884 seconds 
========================================================================
Received Import Request.
  Time since last request: 0.070867 seconds.
  path: Assets/Script/KillZ.cs
  artifactKey: Guid(36b65d7cb909c254489c0c7e0d570f1d) Importer(815301076,1909f56bfc062723c751e8b465ee728b)
Start importing Assets/Script/KillZ.cs using Guid(36b65d7cb909c254489c0c7e0d570f1d) Importer(815301076,1909f56bfc062723c751e8b465ee728b)  -> (artifact id: 'd89923ddcd1e39098de1c527175cd7c1') in 0.008231 seconds 
========================================================================
Received Import Request.
  Time since last request: 0.120079 seconds.
  path: Assets/Scenes/V.3.2 LEVEL 1-1 BY ENSettings.lighting
  artifactKey: Guid(a997d76e96959a7478c200a30c60e0cf) Importer(815301076,1909f56bfc062723c751e8b465ee728b)
Start importing Assets/Scenes/V.3.2 LEVEL 1-1 BY ENSettings.lighting using Guid(a997d76e96959a7478c200a30c60e0cf) Importer(815301076,1909f56bfc062723c751e8b465ee728b)  -> (artifact id: '0260dfd32f7837d5af9bdfa58fa2e419') in 0.012164 seconds 
